CRITICAL - 2023-05-24 12:32:29 --> "Config\Filters" must implement CodeIgniter\Filters\FilterInterface.
in SYSTEMPATH\Filters\Filters.php on line 169.
 1 SYSTEMPATH\Filters\Filters.php(169): CodeIgniter\Filters\Exceptions\FilterException::forIncorrectInterface('Config\\Filters')
 2 SYSTEMPATH\CodeIgniter.php(473): CodeIgniter\Filters\Filters->run('data_guru2', 'before')
 3 SYSTEMPATH\CodeIgniter.php(368): CodeIgniter\CodeIgniter->handleRequest(null, Object(Config\Cache), false)
 4 FCPATH\index.php(67): CodeIgniter\CodeIgniter->run()
CRITICAL - 2023-05-24 12:33:09 --> "Config\Filters" must implement CodeIgniter\Filters\FilterInterface.
in SYSTEMPATH\Filters\Filters.php on line 169.
 1 SYSTEMPATH\Filters\Filters.php(169): CodeIgniter\Filters\Exceptions\FilterException::forIncorrectInterface('Config\\Filters')
 2 SYSTEMPATH\CodeIgniter.php(473): CodeIgniter\Filters\Filters->run('data_guru2/9', 'before')
 3 SYSTEMPATH\CodeIgniter.php(368): CodeIgniter\CodeIgniter->handleRequest(null, Object(Config\Cache), false)
 4 FCPATH\index.php(67): CodeIgniter\CodeIgniter->run()
CRITICAL - 2023-05-24 12:38:09 --> Class "CodeIgniter\Filters\HTTPCORS" not found
in SYSTEMPATH\Filters\Filters.php on line 166.
 1 SYSTEMPATH\CodeIgniter.php(473): CodeIgniter\Filters\Filters->run('data_guru2', 'before')
 2 SYSTEMPATH\CodeIgniter.php(368): CodeIgniter\CodeIgniter->handleRequest(null, Object(Config\Cache), false)
 3 FCPATH\index.php(67): CodeIgniter\CodeIgniter->run()
CRITICAL - 2023-05-24 12:41:16 --> Class "CodeIgniter\Filters\CORS" not found
in SYSTEMPATH\Filters\Filters.php on line 166.
 1 SYSTEMPATH\CodeIgniter.php(473): CodeIgniter\Filters\Filters->run('data_guru2', 'before')
 2 SYSTEMPATH\CodeIgniter.php(368): CodeIgniter\CodeIgniter->handleRequest(null, Object(Config\Cache), false)
 3 FCPATH\index.php(67): CodeIgniter\CodeIgniter->run()
CRITICAL - 2023-05-24 12:42:16 --> Class "App\Filters\CORS" not found
in SYSTEMPATH\Filters\Filters.php on line 166.
 1 SYSTEMPATH\CodeIgniter.php(473): CodeIgniter\Filters\Filters->run('data_guru2', 'before')
 2 SYSTEMPATH\CodeIgniter.php(368): CodeIgniter\CodeIgniter->handleRequest(null, Object(Config\Cache), false)
 3 FCPATH\index.php(67): CodeIgniter\CodeIgniter->run()
CRITICAL - 2023-05-24 12:42:20 --> Class "App\Filters\CORS" not found
in SYSTEMPATH\Filters\Filters.php on line 166.
 1 SYSTEMPATH\CodeIgniter.php(473): CodeIgniter\Filters\Filters->run('data_guru2', 'before')
 2 SYSTEMPATH\CodeIgniter.php(368): CodeIgniter\CodeIgniter->handleRequest(null, Object(Config\Cache), false)
 3 FCPATH\index.php(67): CodeIgniter\CodeIgniter->run()
CRITICAL - 2023-05-24 12:43:42 --> Class "App\Filters\CORS" not found
in SYSTEMPATH\Filters\Filters.php on line 166.
 1 SYSTEMPATH\CodeIgniter.php(473): CodeIgniter\Filters\Filters->run('data_guru2', 'before')
 2 SYSTEMPATH\CodeIgniter.php(368): CodeIgniter\CodeIgniter->handleRequest(null, Object(Config\Cache), false)
 3 FCPATH\index.php(67): CodeIgniter\CodeIgniter->run()
